#-----------------------------------------------------------
# Vivado v2019.2 (64-bit)
# SW Build 2708876 on Wed Nov  6 21:39:14 MST 2019
# IP Build 2700528 on Thu Nov  7 00:09:20 MST 2019
# Start of session at: Tue May 11 07:28:22 2021
# Process ID: 10057
# Current directory: /home/yyunon/thesis_journals/resources/fletcher-aws/examples/tpch1/1DDR/verif/scripts
# Command line: vivado
# Log file: /home/yyunon/thesis_journals/resources/fletcher-aws/examples/tpch1/1DDR/verif/scripts/vivado.log
# Journal file: /home/yyunon/thesis_journals/resources/fletcher-aws/examples/tpch1/1DDR/verif/scripts/vivado.jou
#-----------------------------------------------------------
start_gui
source ./open_waves.tcl
# current_fileset
INFO: [IP_Flow 19-234] Refreshing IP repositories
INFO: [IP_Flow 19-1704] No user IP repositories specified
INFO: [IP_Flow 19-2313] Loaded Vivado IP repository '/mnt/9a3ce8e2-5558-402f-b9b0-4253be72229d/Xilinx/Vivado/Vivado/2019.2/data/ip'.
current_fileset: Time (s): cpu = 00:00:10 ; elapsed = 00:00:10 . Memory (MB): peak = 6895.941 ; gain = 354.129 ; free physical = 5137 ; free virtual = 19425
# open_wave_database ../sim/vivado/tpch_c/tb.wdb
open_wave_config /home/yyunon/thesis_journals/resources/fletcher-aws/examples/tpch1/1DDR/verif/scripts/tb.wcfg
# set_property display_limit 5000000 [current_wave_config]
close_sim
INFO: [Simtcl 6-16] Simulation closed
close_project
source ./open_waves.tcl
# current_fileset
INFO: [IP_Flow 19-234] Refreshing IP repositories
INFO: [IP_Flow 19-1704] No user IP repositories specified
INFO: [IP_Flow 19-2313] Loaded Vivado IP repository '/mnt/9a3ce8e2-5558-402f-b9b0-4253be72229d/Xilinx/Vivado/Vivado/2019.2/data/ip'.
# open_wave_database ../sim/vivado/tpch_c/tb.wdb
open_wave_config /home/yyunon/thesis_journals/resources/fletcher-aws/examples/tpch1/1DDR/verif/scripts/tb.wcfg
# set_property display_limit 5000000 [current_wave_config]
close_sim
INFO: [Simtcl 6-16] Simulation closed
close_project
source ./open_waves.tcl
# current_fileset
INFO: [IP_Flow 19-234] Refreshing IP repositories
INFO: [IP_Flow 19-1704] No user IP repositories specified
INFO: [IP_Flow 19-2313] Loaded Vivado IP repository '/mnt/9a3ce8e2-5558-402f-b9b0-4253be72229d/Xilinx/Vivado/Vivado/2019.2/data/ip'.
# open_wave_database ../sim/vivado/tpch_c/tb.wdb
open_wave_config /home/yyunon/thesis_journals/resources/fletcher-aws/examples/tpch1/1DDR/verif/scripts/tb.wcfg
# set_property display_limit 5000000 [current_wave_config]
close_sim
INFO: [Simtcl 6-16] Simulation closed
close_project
source ./open_waves.tcl
# current_fileset
INFO: [IP_Flow 19-234] Refreshing IP repositories
INFO: [IP_Flow 19-1704] No user IP repositories specified
INFO: [IP_Flow 19-2313] Loaded Vivado IP repository '/mnt/9a3ce8e2-5558-402f-b9b0-4253be72229d/Xilinx/Vivado/Vivado/2019.2/data/ip'.
# open_wave_database ../sim/vivado/tpch_c/tb.wdb
open_wave_config /home/yyunon/thesis_journals/resources/fletcher-aws/examples/tpch1/1DDR/verif/scripts/tb.wcfg
# set_property display_limit 5000000 [current_wave_config]
close_sim
INFO: [Simtcl 6-16] Simulation closed
close_project
source ./open_waves.tcl
# current_fileset
INFO: [IP_Flow 19-234] Refreshing IP repositories
INFO: [IP_Flow 19-1704] No user IP repositories specified
INFO: [IP_Flow 19-2313] Loaded Vivado IP repository '/mnt/9a3ce8e2-5558-402f-b9b0-4253be72229d/Xilinx/Vivado/Vivado/2019.2/data/ip'.
# open_wave_database ../sim/vivado/tpch_c/tb.wdb
open_wave_config /home/yyunon/thesis_journals/resources/fletcher-aws/examples/tpch1/1DDR/verif/scripts/tb.wcfg
open_wave_config: Time (s): cpu = 00:00:04 ; elapsed = 00:00:17 . Memory (MB): peak = 8144.305 ; gain = 35.992 ; free physical = 4281 ; free virtual = 17279
open_wave_database: Time (s): cpu = 00:00:05 ; elapsed = 00:00:18 . Memory (MB): peak = 8144.305 ; gain = 35.992 ; free physical = 4280 ; free virtual = 17278
# set_property display_limit 5000000 [current_wave_config]
close_sim
INFO: [Simtcl 6-16] Simulation closed
close_project
source ./open_waves.tcl
# current_fileset
INFO: [IP_Flow 19-234] Refreshing IP repositories
INFO: [IP_Flow 19-1704] No user IP repositories specified
INFO: [IP_Flow 19-2313] Loaded Vivado IP repository '/mnt/9a3ce8e2-5558-402f-b9b0-4253be72229d/Xilinx/Vivado/Vivado/2019.2/data/ip'.
# open_wave_database ../sim/vivado/tpch_c/tb.wdb
open_wave_config /home/yyunon/thesis_journals/resources/fletcher-aws/examples/tpch1/1DDR/verif/scripts/tb.wcfg
# set_property display_limit 5000000 [current_wave_config]
close_sim
INFO: [Simtcl 6-16] Simulation closed
close_project
source ./open_waves.tcl
# current_fileset
INFO: [IP_Flow 19-234] Refreshing IP repositories
INFO: [IP_Flow 19-1704] No user IP repositories specified
INFO: [IP_Flow 19-2313] Loaded Vivado IP repository '/mnt/9a3ce8e2-5558-402f-b9b0-4253be72229d/Xilinx/Vivado/Vivado/2019.2/data/ip'.
# open_wave_database ../sim/vivado/tpch_c/tb.wdb
open_wave_config /home/yyunon/thesis_journals/resources/fletcher-aws/examples/tpch1/1DDR/verif/scripts/tb.wcfg
open_wave_config: Time (s): cpu = 00:00:04 ; elapsed = 00:00:17 . Memory (MB): peak = 8243.418 ; gain = 53.004 ; free physical = 4455 ; free virtual = 16960
open_wave_database: Time (s): cpu = 00:00:05 ; elapsed = 00:00:17 . Memory (MB): peak = 8243.418 ; gain = 53.004 ; free physical = 4462 ; free virtual = 16967
# set_property display_limit 5000000 [current_wave_config]
close_sim
INFO: [Simtcl 6-16] Simulation closed
close_project
source ./open_waves.tcl
# current_fileset
INFO: [IP_Flow 19-234] Refreshing IP repositories
INFO: [IP_Flow 19-1704] No user IP repositories specified
INFO: [IP_Flow 19-2313] Loaded Vivado IP repository '/mnt/9a3ce8e2-5558-402f-b9b0-4253be72229d/Xilinx/Vivado/Vivado/2019.2/data/ip'.
# open_wave_database ../sim/vivado/tpch_c/tb.wdb
open_wave_config /home/yyunon/thesis_journals/resources/fletcher-aws/examples/tpch1/1DDR/verif/scripts/tb.wcfg
# set_property display_limit 5000000 [current_wave_config]
save_wave_config {/home/yyunon/thesis_journals/resources/fletcher-aws/examples/tpch1/1DDR/verif/scripts/tb.wcfg}
save_wave_config {/home/yyunon/thesis_journals/resources/fletcher-aws/examples/tpch1/1DDR/verif/scripts/tb.wcfg}
save_wave_config {/home/yyunon/thesis_journals/resources/fletcher-aws/examples/tpch1/1DDR/verif/scripts/tb.wcfg}
save_wave_config {/home/yyunon/thesis_journals/resources/fletcher-aws/examples/tpch1/1DDR/verif/scripts/tb.wcfg}
close_sim
INFO: [Simtcl 6-16] Simulation closed
close_project
source ./open_waves.tcl
# current_fileset
INFO: [IP_Flow 19-234] Refreshing IP repositories
INFO: [IP_Flow 19-1704] No user IP repositories specified
INFO: [IP_Flow 19-2313] Loaded Vivado IP repository '/mnt/9a3ce8e2-5558-402f-b9b0-4253be72229d/Xilinx/Vivado/Vivado/2019.2/data/ip'.
# open_wave_database ../sim/vivado/tpch_c/tb.wdb
open_wave_config /home/yyunon/thesis_journals/resources/fletcher-aws/examples/tpch1/1DDR/verif/scripts/tb.wcfg
# set_property display_limit 5000000 [current_wave_config]
close_sim
INFO: [Simtcl 6-16] Simulation closed
close_project
source ./open_waves.tcl
# current_fileset
INFO: [IP_Flow 19-234] Refreshing IP repositories
INFO: [IP_Flow 19-1704] No user IP repositories specified
INFO: [IP_Flow 19-2313] Loaded Vivado IP repository '/mnt/9a3ce8e2-5558-402f-b9b0-4253be72229d/Xilinx/Vivado/Vivado/2019.2/data/ip'.
# open_wave_database ../sim/vivado/tpch_c/tb.wdb
open_wave_config /home/yyunon/thesis_journals/resources/fletcher-aws/examples/tpch1/1DDR/verif/scripts/tb.wcfg
# set_property display_limit 5000000 [current_wave_config]
close_sim
INFO: [Simtcl 6-16] Simulation closed
close_project
source ./open_waves.tcl
# current_fileset
INFO: [IP_Flow 19-234] Refreshing IP repositories
INFO: [IP_Flow 19-1704] No user IP repositories specified
INFO: [IP_Flow 19-2313] Loaded Vivado IP repository '/mnt/9a3ce8e2-5558-402f-b9b0-4253be72229d/Xilinx/Vivado/Vivado/2019.2/data/ip'.
# open_wave_database ../sim/vivado/tpch_c/tb.wdb
open_wave_config /home/yyunon/thesis_journals/resources/fletcher-aws/examples/tpch1/1DDR/verif/scripts/tb.wcfg
# set_property display_limit 5000000 [current_wave_config]
save_wave_config {/home/yyunon/thesis_journals/resources/fletcher-aws/examples/tpch1/1DDR/verif/scripts/tb.wcfg}
close_sim
INFO: [Simtcl 6-16] Simulation closed
close_project
source ./open_waves.tcl
# current_fileset
INFO: [IP_Flow 19-234] Refreshing IP repositories
INFO: [IP_Flow 19-1704] No user IP repositories specified
INFO: [IP_Flow 19-2313] Loaded Vivado IP repository '/mnt/9a3ce8e2-5558-402f-b9b0-4253be72229d/Xilinx/Vivado/Vivado/2019.2/data/ip'.
# open_wave_database ../sim/vivado/tpch_c/tb.wdb
open_wave_config /home/yyunon/thesis_journals/resources/fletcher-aws/examples/tpch1/1DDR/verif/scripts/tb.wcfg
# set_property display_limit 5000000 [current_wave_config]
close_sim
INFO: [Simtcl 6-16] Simulation closed
close_project
source ./open_waves.tcl
# current_fileset
INFO: [IP_Flow 19-234] Refreshing IP repositories
INFO: [IP_Flow 19-1704] No user IP repositories specified
INFO: [IP_Flow 19-2313] Loaded Vivado IP repository '/mnt/9a3ce8e2-5558-402f-b9b0-4253be72229d/Xilinx/Vivado/Vivado/2019.2/data/ip'.
# open_wave_database ../sim/vivado/tpch_c/tb.wdb
open_wave_config /home/yyunon/thesis_journals/resources/fletcher-aws/examples/tpch1/1DDR/verif/scripts/tb.wcfg
WARNING: Simulation object /tb/card/fpga/CL/FLETCHER_TOP_INST/PriceSummary_Mantle_inst/PriceSummary_Nucleus_inst/PriceSummary_inst/processing_unit_0/avg_discount_reduce_stage/operator/dly_op1_data was not found in the design.
# set_property display_limit 5000000 [current_wave_config]
close_sim
INFO: [Simtcl 6-16] Simulation closed
close_project
source ./open_waves.tcl
# current_fileset
INFO: [IP_Flow 19-234] Refreshing IP repositories
INFO: [IP_Flow 19-1704] No user IP repositories specified
INFO: [IP_Flow 19-2313] Loaded Vivado IP repository '/mnt/9a3ce8e2-5558-402f-b9b0-4253be72229d/Xilinx/Vivado/Vivado/2019.2/data/ip'.
# open_wave_database ../sim/vivado/tpch_c/tb.wdb
open_wave_config /home/yyunon/thesis_journals/resources/fletcher-aws/examples/tpch1/1DDR/verif/scripts/tb.wcfg
WARNING: Simulation object /tb/card/fpga/CL/FLETCHER_TOP_INST/PriceSummary_Mantle_inst/PriceSummary_Nucleus_inst/PriceSummary_inst/processing_unit_0/avg_discount_reduce_stage/operator/dly_op1_data was not found in the design.
# set_property display_limit 5000000 [current_wave_config]
close_sim
INFO: [Simtcl 6-16] Simulation closed
close_project
source ./open_waves.tcl
# current_fileset
INFO: [IP_Flow 19-234] Refreshing IP repositories
INFO: [IP_Flow 19-1704] No user IP repositories specified
INFO: [IP_Flow 19-2313] Loaded Vivado IP repository '/mnt/9a3ce8e2-5558-402f-b9b0-4253be72229d/Xilinx/Vivado/Vivado/2019.2/data/ip'.
# open_wave_database ../sim/vivado/tpch_c/tb.wdb
open_wave_config /home/yyunon/thesis_journals/resources/fletcher-aws/examples/tpch1/1DDR/verif/scripts/tb.wcfg
WARNING: Simulation object /tb/card/fpga/CL/FLETCHER_TOP_INST/PriceSummary_Mantle_inst/PriceSummary_Nucleus_inst/PriceSummary_inst/processing_unit_0/avg_discount_reduce_stage/operator/dly_op1_data was not found in the design.
open_wave_config: Time (s): cpu = 00:00:04 ; elapsed = 00:00:19 . Memory (MB): peak = 8601.035 ; gain = 3.000 ; free physical = 4566 ; free virtual = 16524
open_wave_database: Time (s): cpu = 00:00:04 ; elapsed = 00:00:19 . Memory (MB): peak = 8601.035 ; gain = 3.000 ; free physical = 4561 ; free virtual = 16519
# set_property display_limit 5000000 [current_wave_config]
close_sim
INFO: [Simtcl 6-16] Simulation closed
close_project
source ./open_waves.tcl
# current_fileset
INFO: [IP_Flow 19-234] Refreshing IP repositories
INFO: [IP_Flow 19-1704] No user IP repositories specified
INFO: [IP_Flow 19-2313] Loaded Vivado IP repository '/mnt/9a3ce8e2-5558-402f-b9b0-4253be72229d/Xilinx/Vivado/Vivado/2019.2/data/ip'.
# open_wave_database ../sim/vivado/tpch_c/tb.wdb
open_wave_config /home/yyunon/thesis_journals/resources/fletcher-aws/examples/tpch1/1DDR/verif/scripts/tb.wcfg
WARNING: Simulation object /tb/card/fpga/CL/FLETCHER_TOP_INST/PriceSummary_Mantle_inst/PriceSummary_Nucleus_inst/PriceSummary_inst/processing_unit_0/avg_discount_reduce_stage/operator/dly_op1_data was not found in the design.
# set_property display_limit 5000000 [current_wave_config]
close_sim
INFO: [Simtcl 6-16] Simulation closed
close_project
source ./open_waves.tcl
# current_fileset
INFO: [IP_Flow 19-234] Refreshing IP repositories
INFO: [IP_Flow 19-1704] No user IP repositories specified
INFO: [IP_Flow 19-2313] Loaded Vivado IP repository '/mnt/9a3ce8e2-5558-402f-b9b0-4253be72229d/Xilinx/Vivado/Vivado/2019.2/data/ip'.
# open_wave_database ../sim/vivado/tpch_c/tb.wdb
open_wave_config /home/yyunon/thesis_journals/resources/fletcher-aws/examples/tpch1/1DDR/verif/scripts/tb.wcfg
WARNING: Simulation object /tb/card/fpga/CL/FLETCHER_TOP_INST/PriceSummary_Mantle_inst/PriceSummary_Nucleus_inst/PriceSummary_inst/processing_unit_0/avg_discount_reduce_stage/operator/dly_op1_data was not found in the design.
open_wave_config: Time (s): cpu = 00:00:06 ; elapsed = 00:00:44 . Memory (MB): peak = 8701.035 ; gain = 14.000 ; free physical = 4875 ; free virtual = 15817
open_wave_database: Time (s): cpu = 00:00:07 ; elapsed = 00:00:44 . Memory (MB): peak = 8701.035 ; gain = 14.000 ; free physical = 4874 ; free virtual = 15816
# set_property display_limit 5000000 [current_wave_config]
close_sim
INFO: [Simtcl 6-16] Simulation closed
close_project
source ./open_waves.tcl
# current_fileset
INFO: [IP_Flow 19-234] Refreshing IP repositories
INFO: [IP_Flow 19-1704] No user IP repositories specified
INFO: [IP_Flow 19-2313] Loaded Vivado IP repository '/mnt/9a3ce8e2-5558-402f-b9b0-4253be72229d/Xilinx/Vivado/Vivado/2019.2/data/ip'.
# open_wave_database ../sim/vivado/tpch_c/tb.wdb
open_wave_config /home/yyunon/thesis_journals/resources/fletcher-aws/examples/tpch1/1DDR/verif/scripts/tb.wcfg
WARNING: Simulation object /tb/card/fpga/CL/FLETCHER_TOP_INST/PriceSummary_Mantle_inst/PriceSummary_Nucleus_inst/PriceSummary_inst/processing_unit_0/avg_discount_reduce_stage/operator/dly_op1_data was not found in the design.
# set_property display_limit 5000000 [current_wave_config]
close_sim
INFO: [Simtcl 6-16] Simulation closed
close_project
source ./open_waves.tcl
# current_fileset
INFO: [IP_Flow 19-234] Refreshing IP repositories
INFO: [IP_Flow 19-1704] No user IP repositories specified
INFO: [IP_Flow 19-2313] Loaded Vivado IP repository '/mnt/9a3ce8e2-5558-402f-b9b0-4253be72229d/Xilinx/Vivado/Vivado/2019.2/data/ip'.
# open_wave_database ../sim/vivado/tpch_c/tb.wdb
open_wave_config /home/yyunon/thesis_journals/resources/fletcher-aws/examples/tpch1/1DDR/verif/scripts/tb.wcfg
WARNING: Simulation object /tb/card/fpga/CL/FLETCHER_TOP_INST/PriceSummary_Mantle_inst/PriceSummary_Nucleus_inst/PriceSummary_inst/processing_unit_0/avg_discount_reduce_stage/operator/dly_op1_data was not found in the design.
# set_property display_limit 5000000 [current_wave_config]
close_sim
INFO: [Simtcl 6-16] Simulation closed
close_project
source ./open_waves.tcl
# current_fileset
INFO: [IP_Flow 19-234] Refreshing IP repositories
INFO: [IP_Flow 19-1704] No user IP repositories specified
INFO: [IP_Flow 19-2313] Loaded Vivado IP repository '/mnt/9a3ce8e2-5558-402f-b9b0-4253be72229d/Xilinx/Vivado/Vivado/2019.2/data/ip'.
# open_wave_database ../sim/vivado/tpch_c/tb.wdb
open_wave_config /home/yyunon/thesis_journals/resources/fletcher-aws/examples/tpch1/1DDR/verif/scripts/tb.wcfg
WARNING: Simulation object /tb/card/fpga/CL/FLETCHER_TOP_INST/PriceSummary_Mantle_inst/PriceSummary_Nucleus_inst/PriceSummary_inst/processing_unit_0/avg_discount_reduce_stage/operator/dly_op1_data was not found in the design.
# set_property display_limit 5000000 [current_wave_config]
save_wave_config {/home/yyunon/thesis_journals/resources/fletcher-aws/examples/tpch1/1DDR/verif/scripts/tb.wcfg}
close_sim
INFO: [Simtcl 6-16] Simulation closed
close_project
source ./open_waves.tcl
# current_fileset
INFO: [IP_Flow 19-234] Refreshing IP repositories
INFO: [IP_Flow 19-1704] No user IP repositories specified
INFO: [IP_Flow 19-2313] Loaded Vivado IP repository '/mnt/9a3ce8e2-5558-402f-b9b0-4253be72229d/Xilinx/Vivado/Vivado/2019.2/data/ip'.
# open_wave_database ../sim/vivado/tpch_c/tb.wdb
open_wave_config /home/yyunon/thesis_journals/resources/fletcher-aws/examples/tpch1/1DDR/verif/scripts/tb.wcfg
open_wave_config: Time (s): cpu = 00:00:04 ; elapsed = 00:00:13 . Memory (MB): peak = 8884.035 ; gain = 2.000 ; free physical = 4476 ; free virtual = 15448
open_wave_database: Time (s): cpu = 00:00:04 ; elapsed = 00:00:13 . Memory (MB): peak = 8884.035 ; gain = 2.000 ; free physical = 4475 ; free virtual = 15448
# set_property display_limit 5000000 [current_wave_config]
save_wave_config {/home/yyunon/thesis_journals/resources/fletcher-aws/examples/tpch1/1DDR/verif/scripts/tb.wcfg}
close_sim
INFO: [Simtcl 6-16] Simulation closed
close_project
source ./open_waves.tcl
# current_fileset
INFO: [IP_Flow 19-234] Refreshing IP repositories
INFO: [IP_Flow 19-1704] No user IP repositories specified
INFO: [IP_Flow 19-2313] Loaded Vivado IP repository '/mnt/9a3ce8e2-5558-402f-b9b0-4253be72229d/Xilinx/Vivado/Vivado/2019.2/data/ip'.
# open_wave_database ../sim/vivado/tpch_c/tb.wdb
open_wave_config /home/yyunon/thesis_journals/resources/fletcher-aws/examples/tpch1/1DDR/verif/scripts/tb.wcfg
# set_property display_limit 5000000 [current_wave_config]
close_sim
INFO: [Simtcl 6-16] Simulation closed
close_project
source ./open_waves.tcl
# current_fileset
INFO: [IP_Flow 19-234] Refreshing IP repositories
INFO: [IP_Flow 19-1704] No user IP repositories specified
INFO: [IP_Flow 19-2313] Loaded Vivado IP repository '/mnt/9a3ce8e2-5558-402f-b9b0-4253be72229d/Xilinx/Vivado/Vivado/2019.2/data/ip'.
# open_wave_database ../sim/vivado/tpch_c/tb.wdb
open_wave_config /home/yyunon/thesis_journals/resources/fletcher-aws/examples/tpch1/1DDR/verif/scripts/tb.wcfg
# set_property display_limit 5000000 [current_wave_config]
close_sim
INFO: [Simtcl 6-16] Simulation closed
close_project
source ./open_waves.tcl
# current_fileset
INFO: [IP_Flow 19-234] Refreshing IP repositories
INFO: [IP_Flow 19-1704] No user IP repositories specified
INFO: [IP_Flow 19-2313] Loaded Vivado IP repository '/mnt/9a3ce8e2-5558-402f-b9b0-4253be72229d/Xilinx/Vivado/Vivado/2019.2/data/ip'.
# open_wave_database ../sim/vivado/tpch_c/tb.wdb
open_wave_config /home/yyunon/thesis_journals/resources/fletcher-aws/examples/tpch1/1DDR/verif/scripts/tb.wcfg
WARNING: Simulation object /tb/card/fpga/CL/FLETCHER_TOP_INST/PriceSummary_Mantle_inst/PriceSummary_Nucleus_inst/PriceSummary_inst/processing_unit_0/avg_discount_reduce_stage/operator/dly_op1_valid was not found in the design.
WARNING: Simulation object /tb/card/fpga/CL/FLETCHER_TOP_INST/PriceSummary_Mantle_inst/PriceSummary_Nucleus_inst/PriceSummary_inst/processing_unit_0/avg_discount_reduce_stage/operator/dly_op1_dvalid was not found in the design.
WARNING: Simulation object /tb/card/fpga/CL/FLETCHER_TOP_INST/PriceSummary_Mantle_inst/PriceSummary_Nucleus_inst/PriceSummary_inst/processing_unit_0/avg_discount_reduce_stage/operator/dly_op1_ready was not found in the design.
WARNING: Simulation object /tb/card/fpga/CL/FLETCHER_TOP_INST/PriceSummary_Mantle_inst/PriceSummary_Nucleus_inst/PriceSummary_inst/processing_unit_0/avg_discount_reduce_stage/operator/dly_op1_data was not found in the design.
# set_property display_limit 5000000 [current_wave_config]
close_sim
INFO: [Simtcl 6-16] Simulation closed
close_project
source ./open_waves.tcl
# current_fileset
INFO: [IP_Flow 19-234] Refreshing IP repositories
INFO: [IP_Flow 19-1704] No user IP repositories specified
INFO: [IP_Flow 19-2313] Loaded Vivado IP repository '/mnt/9a3ce8e2-5558-402f-b9b0-4253be72229d/Xilinx/Vivado/Vivado/2019.2/data/ip'.
# open_wave_database ../sim/vivado/tpch_c/tb.wdb
open_wave_config /home/yyunon/thesis_journals/resources/fletcher-aws/examples/tpch1/1DDR/verif/scripts/tb.wcfg
WARNING: Simulation object /tb/card/fpga/CL/FLETCHER_TOP_INST/PriceSummary_Mantle_inst/PriceSummary_Nucleus_inst/PriceSummary_inst/processing_unit_0/avg_discount_reduce_stage/operator/dly_op1_valid was not found in the design.
WARNING: Simulation object /tb/card/fpga/CL/FLETCHER_TOP_INST/PriceSummary_Mantle_inst/PriceSummary_Nucleus_inst/PriceSummary_inst/processing_unit_0/avg_discount_reduce_stage/operator/dly_op1_dvalid was not found in the design.
WARNING: Simulation object /tb/card/fpga/CL/FLETCHER_TOP_INST/PriceSummary_Mantle_inst/PriceSummary_Nucleus_inst/PriceSummary_inst/processing_unit_0/avg_discount_reduce_stage/operator/dly_op1_ready was not found in the design.
WARNING: Simulation object /tb/card/fpga/CL/FLETCHER_TOP_INST/PriceSummary_Mantle_inst/PriceSummary_Nucleus_inst/PriceSummary_inst/processing_unit_0/avg_discount_reduce_stage/operator/dly_op1_data was not found in the design.
# set_property display_limit 5000000 [current_wave_config]
close_sim
INFO: [Simtcl 6-16] Simulation closed
close_project
source ./open_waves.tcl
# current_fileset
INFO: [IP_Flow 19-234] Refreshing IP repositories
INFO: [IP_Flow 19-1704] No user IP repositories specified
INFO: [IP_Flow 19-2313] Loaded Vivado IP repository '/mnt/9a3ce8e2-5558-402f-b9b0-4253be72229d/Xilinx/Vivado/Vivado/2019.2/data/ip'.
# open_wave_database ../sim/vivado/tpch_c/tb.wdb
open_wave_config /home/yyunon/thesis_journals/resources/fletcher-aws/examples/tpch1/1DDR/verif/scripts/tb.wcfg
WARNING: Simulation object /tb/card/fpga/CL/FLETCHER_TOP_INST/PriceSummary_Mantle_inst/PriceSummary_Nucleus_inst/PriceSummary_inst/processing_unit_0/avg_discount_reduce_stage/operator/dly_op1_valid was not found in the design.
WARNING: Simulation object /tb/card/fpga/CL/FLETCHER_TOP_INST/PriceSummary_Mantle_inst/PriceSummary_Nucleus_inst/PriceSummary_inst/processing_unit_0/avg_discount_reduce_stage/operator/dly_op1_dvalid was not found in the design.
WARNING: Simulation object /tb/card/fpga/CL/FLETCHER_TOP_INST/PriceSummary_Mantle_inst/PriceSummary_Nucleus_inst/PriceSummary_inst/processing_unit_0/avg_discount_reduce_stage/operator/dly_op1_ready was not found in the design.
WARNING: Simulation object /tb/card/fpga/CL/FLETCHER_TOP_INST/PriceSummary_Mantle_inst/PriceSummary_Nucleus_inst/PriceSummary_inst/processing_unit_0/avg_discount_reduce_stage/operator/dly_op1_data was not found in the design.
# set_property display_limit 5000000 [current_wave_config]
close_sim
INFO: [Simtcl 6-16] Simulation closed
close_project
source ./open_waves.tcl
# current_fileset
INFO: [IP_Flow 19-234] Refreshing IP repositories
INFO: [IP_Flow 19-1704] No user IP repositories specified
INFO: [IP_Flow 19-2313] Loaded Vivado IP repository '/mnt/9a3ce8e2-5558-402f-b9b0-4253be72229d/Xilinx/Vivado/Vivado/2019.2/data/ip'.
# open_wave_database ../sim/vivado/tpch_c/tb.wdb
open_wave_config /home/yyunon/thesis_journals/resources/fletcher-aws/examples/tpch1/1DDR/verif/scripts/tb.wcfg
WARNING: Simulation object /tb/card/fpga/CL/FLETCHER_TOP_INST/PriceSummary_Mantle_inst/PriceSummary_Nucleus_inst/PriceSummary_inst/processing_unit_0/avg_discount_reduce_stage/operator/dly_op1_valid was not found in the design.
WARNING: Simulation object /tb/card/fpga/CL/FLETCHER_TOP_INST/PriceSummary_Mantle_inst/PriceSummary_Nucleus_inst/PriceSummary_inst/processing_unit_0/avg_discount_reduce_stage/operator/dly_op1_dvalid was not found in the design.
WARNING: Simulation object /tb/card/fpga/CL/FLETCHER_TOP_INST/PriceSummary_Mantle_inst/PriceSummary_Nucleus_inst/PriceSummary_inst/processing_unit_0/avg_discount_reduce_stage/operator/dly_op1_ready was not found in the design.
WARNING: Simulation object /tb/card/fpga/CL/FLETCHER_TOP_INST/PriceSummary_Mantle_inst/PriceSummary_Nucleus_inst/PriceSummary_inst/processing_unit_0/avg_discount_reduce_stage/operator/dly_op1_data was not found in the design.
open_wave_config: Time (s): cpu = 00:00:06 ; elapsed = 00:00:36 . Memory (MB): peak = 9177.027 ; gain = 20.992 ; free physical = 4559 ; free virtual = 15473
open_wave_database: Time (s): cpu = 00:00:07 ; elapsed = 00:00:36 . Memory (MB): peak = 9177.027 ; gain = 20.992 ; free physical = 4559 ; free virtual = 15473
# set_property display_limit 5000000 [current_wave_config]
close_sim
INFO: [Simtcl 6-16] Simulation closed
close_project
source ./open_waves.tcl
# current_fileset
INFO: [IP_Flow 19-234] Refreshing IP repositories
INFO: [IP_Flow 19-1704] No user IP repositories specified
INFO: [IP_Flow 19-2313] Loaded Vivado IP repository '/mnt/9a3ce8e2-5558-402f-b9b0-4253be72229d/Xilinx/Vivado/Vivado/2019.2/data/ip'.
# open_wave_database ../sim/vivado/tpch_c/tb.wdb
open_wave_config /home/yyunon/thesis_journals/resources/fletcher-aws/examples/tpch1/1DDR/verif/scripts/tb.wcfg
WARNING: Simulation object /tb/card/fpga/CL/FLETCHER_TOP_INST/PriceSummary_Mantle_inst/PriceSummary_Nucleus_inst/PriceSummary_inst/processing_unit_0/avg_discount_reduce_stage/operator/dly_op1_valid was not found in the design.
WARNING: Simulation object /tb/card/fpga/CL/FLETCHER_TOP_INST/PriceSummary_Mantle_inst/PriceSummary_Nucleus_inst/PriceSummary_inst/processing_unit_0/avg_discount_reduce_stage/operator/dly_op1_dvalid was not found in the design.
WARNING: Simulation object /tb/card/fpga/CL/FLETCHER_TOP_INST/PriceSummary_Mantle_inst/PriceSummary_Nucleus_inst/PriceSummary_inst/processing_unit_0/avg_discount_reduce_stage/operator/dly_op1_ready was not found in the design.
WARNING: Simulation object /tb/card/fpga/CL/FLETCHER_TOP_INST/PriceSummary_Mantle_inst/PriceSummary_Nucleus_inst/PriceSummary_inst/processing_unit_0/avg_discount_reduce_stage/operator/dly_op1_data was not found in the design.
# set_property display_limit 5000000 [current_wave_config]
close_sim
INFO: [Simtcl 6-16] Simulation closed
close_project
source ./open_waves.tcl
# current_fileset
INFO: [IP_Flow 19-234] Refreshing IP repositories
INFO: [IP_Flow 19-1704] No user IP repositories specified
INFO: [IP_Flow 19-2313] Loaded Vivado IP repository '/mnt/9a3ce8e2-5558-402f-b9b0-4253be72229d/Xilinx/Vivado/Vivado/2019.2/data/ip'.
# open_wave_database ../sim/vivado/tpch_c/tb.wdb
open_wave_config /home/yyunon/thesis_journals/resources/fletcher-aws/examples/tpch1/1DDR/verif/scripts/tb.wcfg
WARNING: Simulation object /tb/card/fpga/CL/FLETCHER_TOP_INST/PriceSummary_Mantle_inst/PriceSummary_Nucleus_inst/PriceSummary_inst/processing_unit_0/avg_discount_reduce_stage/operator/dly_op1_valid was not found in the design.
WARNING: Simulation object /tb/card/fpga/CL/FLETCHER_TOP_INST/PriceSummary_Mantle_inst/PriceSummary_Nucleus_inst/PriceSummary_inst/processing_unit_0/avg_discount_reduce_stage/operator/dly_op1_dvalid was not found in the design.
WARNING: Simulation object /tb/card/fpga/CL/FLETCHER_TOP_INST/PriceSummary_Mantle_inst/PriceSummary_Nucleus_inst/PriceSummary_inst/processing_unit_0/avg_discount_reduce_stage/operator/dly_op1_ready was not found in the design.
WARNING: Simulation object /tb/card/fpga/CL/FLETCHER_TOP_INST/PriceSummary_Mantle_inst/PriceSummary_Nucleus_inst/PriceSummary_inst/processing_unit_0/avg_discount_reduce_stage/operator/dly_op1_data was not found in the design.
# set_property display_limit 5000000 [current_wave_config]
save_wave_config {/home/yyunon/thesis_journals/resources/fletcher-aws/examples/tpch1/1DDR/verif/scripts/tb.wcfg}
save_wave_config {/home/yyunon/thesis_journals/resources/fletcher-aws/examples/tpch1/1DDR/verif/scripts/tb.wcfg}
close_sim
INFO: [Simtcl 6-16] Simulation closed
close_project
source ./open_waves.tcl
# current_fileset
INFO: [IP_Flow 19-234] Refreshing IP repositories
INFO: [IP_Flow 19-1704] No user IP repositories specified
INFO: [IP_Flow 19-2313] Loaded Vivado IP repository '/mnt/9a3ce8e2-5558-402f-b9b0-4253be72229d/Xilinx/Vivado/Vivado/2019.2/data/ip'.
current_fileset: Time (s): cpu = 00:00:02 ; elapsed = 00:00:06 . Memory (MB): peak = 9269.340 ; gain = 0.000 ; free physical = 5674 ; free virtual = 14725
# open_wave_database ../sim/vivado/tpch_c/tb.wdb
open_wave_config /home/yyunon/thesis_journals/resources/fletcher-aws/examples/tpch1/1DDR/verif/scripts/tb.wcfg
open_wave_config: Time (s): cpu = 00:00:02 ; elapsed = 00:00:13 . Memory (MB): peak = 9349.340 ; gain = 80.000 ; free physical = 5242 ; free virtual = 14350
open_wave_database: Time (s): cpu = 00:00:02 ; elapsed = 00:00:14 . Memory (MB): peak = 9349.340 ; gain = 80.000 ; free physical = 5241 ; free virtual = 14350
# set_property display_limit 5000000 [current_wave_config]
save_wave_config {/home/yyunon/thesis_journals/resources/fletcher-aws/examples/tpch1/1DDR/verif/scripts/tb.wcfg}
close_sim
INFO: [Simtcl 6-16] Simulation closed
close_project
source ./open_waves.tcl
# current_fileset
INFO: [IP_Flow 19-234] Refreshing IP repositories
INFO: [IP_Flow 19-1704] No user IP repositories specified
INFO: [IP_Flow 19-2313] Loaded Vivado IP repository '/mnt/9a3ce8e2-5558-402f-b9b0-4253be72229d/Xilinx/Vivado/Vivado/2019.2/data/ip'.
# open_wave_database ../sim/vivado/tpch_c/tb.wdb
open_wave_config /home/yyunon/thesis_journals/resources/fletcher-aws/examples/tpch1/1DDR/verif/scripts/tb.wcfg
# set_property display_limit 5000000 [current_wave_config]
close_sim
INFO: [Simtcl 6-16] Simulation closed
close_project
source ./open_waves.tcl
# current_fileset
INFO: [IP_Flow 19-234] Refreshing IP repositories
INFO: [IP_Flow 19-1704] No user IP repositories specified
INFO: [IP_Flow 19-2313] Loaded Vivado IP repository '/mnt/9a3ce8e2-5558-402f-b9b0-4253be72229d/Xilinx/Vivado/Vivado/2019.2/data/ip'.
# open_wave_database ../sim/vivado/tpch_c/tb.wdb
open_wave_config /home/yyunon/thesis_journals/resources/fletcher-aws/examples/tpch1/1DDR/verif/scripts/tb.wcfg
# set_property display_limit 5000000 [current_wave_config]
close_sim
INFO: [Simtcl 6-16] Simulation closed
close_project
source ./open_waves.tcl
# current_fileset
INFO: [IP_Flow 19-234] Refreshing IP repositories
INFO: [IP_Flow 19-1704] No user IP repositories specified
INFO: [IP_Flow 19-2313] Loaded Vivado IP repository '/mnt/9a3ce8e2-5558-402f-b9b0-4253be72229d/Xilinx/Vivado/Vivado/2019.2/data/ip'.
# open_wave_database ../sim/vivado/tpch_c/tb.wdb
open_wave_config /home/yyunon/thesis_journals/resources/fletcher-aws/examples/tpch1/1DDR/verif/scripts/tb.wcfg
# set_property display_limit 5000000 [current_wave_config]
close_sim
INFO: [Simtcl 6-16] Simulation closed
close_project
source ./open_waves.tcl
# current_fileset
INFO: [IP_Flow 19-234] Refreshing IP repositories
INFO: [IP_Flow 19-1704] No user IP repositories specified
INFO: [IP_Flow 19-2313] Loaded Vivado IP repository '/mnt/9a3ce8e2-5558-402f-b9b0-4253be72229d/Xilinx/Vivado/Vivado/2019.2/data/ip'.
# open_wave_database ../sim/vivado/tpch_c/tb.wdb
open_wave_config /home/yyunon/thesis_journals/resources/fletcher-aws/examples/tpch1/1DDR/verif/scripts/tb.wcfg
# set_property display_limit 5000000 [current_wave_config]
close_sim
INFO: [Simtcl 6-16] Simulation closed
close_project
source ./open_waves.tcl
# current_fileset
INFO: [IP_Flow 19-234] Refreshing IP repositories
INFO: [IP_Flow 19-1704] No user IP repositories specified
INFO: [IP_Flow 19-2313] Loaded Vivado IP repository '/mnt/9a3ce8e2-5558-402f-b9b0-4253be72229d/Xilinx/Vivado/Vivado/2019.2/data/ip'.
# open_wave_database ../sim/vivado/tpch_c/tb.wdb
open_wave_config /home/yyunon/thesis_journals/resources/fletcher-aws/examples/tpch1/1DDR/verif/scripts/tb.wcfg
open_wave_config: Time (s): cpu = 00:00:03 ; elapsed = 00:00:56 . Memory (MB): peak = 9560.301 ; gain = 16.828 ; free physical = 4048 ; free virtual = 13720
open_wave_database: Time (s): cpu = 00:00:03 ; elapsed = 00:00:57 . Memory (MB): peak = 9560.301 ; gain = 16.828 ; free physical = 4047 ; free virtual = 13720
# set_property display_limit 5000000 [current_wave_config]
close_sim
INFO: [Simtcl 6-16] Simulation closed
close_project
source ./open_waves.tcl
# current_fileset
INFO: [IP_Flow 19-234] Refreshing IP repositories
INFO: [IP_Flow 19-1704] No user IP repositories specified
INFO: [IP_Flow 19-2313] Loaded Vivado IP repository '/mnt/9a3ce8e2-5558-402f-b9b0-4253be72229d/Xilinx/Vivado/Vivado/2019.2/data/ip'.
# open_wave_database ../sim/vivado/tpch_c/tb.wdb
open_wave_config /home/yyunon/thesis_journals/resources/fletcher-aws/examples/tpch1/1DDR/verif/scripts/tb.wcfg
# set_property display_limit 5000000 [current_wave_config]
save_wave_config {/home/yyunon/thesis_journals/resources/fletcher-aws/examples/tpch1/1DDR/verif/scripts/tb.wcfg}
close_sim
INFO: [Simtcl 6-16] Simulation closed
close_project
source ./open_waves.tcl
# current_fileset
INFO: [IP_Flow 19-234] Refreshing IP repositories
INFO: [IP_Flow 19-1704] No user IP repositories specified
INFO: [IP_Flow 19-2313] Loaded Vivado IP repository '/mnt/9a3ce8e2-5558-402f-b9b0-4253be72229d/Xilinx/Vivado/Vivado/2019.2/data/ip'.
# open_wave_database ../sim/vivado/tpch_c/tb.wdb
open_wave_config /home/yyunon/thesis_journals/resources/fletcher-aws/examples/tpch1/1DDR/verif/scripts/tb.wcfg
# set_property display_limit 5000000 [current_wave_config]
close_sim
INFO: [Simtcl 6-16] Simulation closed
close_project
source ./open_waves.tcl
# current_fileset
INFO: [IP_Flow 19-234] Refreshing IP repositories
INFO: [IP_Flow 19-1704] No user IP repositories specified
INFO: [IP_Flow 19-2313] Loaded Vivado IP repository '/mnt/9a3ce8e2-5558-402f-b9b0-4253be72229d/Xilinx/Vivado/Vivado/2019.2/data/ip'.
# open_wave_database ../sim/vivado/tpch_c/tb.wdb
open_wave_config /home/yyunon/thesis_journals/resources/fletcher-aws/examples/tpch1/1DDR/verif/scripts/tb.wcfg
# set_property display_limit 5000000 [current_wave_config]
save_wave_config {/home/yyunon/thesis_journals/resources/fletcher-aws/examples/tpch1/1DDR/verif/scripts/tb.wcfg}
close_sim
INFO: [Simtcl 6-16] Simulation closed
close_project
source ./open_waves.tcl
# current_fileset
INFO: [IP_Flow 19-234] Refreshing IP repositories
INFO: [IP_Flow 19-1704] No user IP repositories specified
INFO: [IP_Flow 19-2313] Loaded Vivado IP repository '/mnt/9a3ce8e2-5558-402f-b9b0-4253be72229d/Xilinx/Vivado/Vivado/2019.2/data/ip'.
# open_wave_database ../sim/vivado/tpch_c/tb.wdb
open_wave_config /home/yyunon/thesis_journals/resources/fletcher-aws/examples/tpch1/1DDR/verif/scripts/tb.wcfg
# set_property display_limit 5000000 [current_wave_config]
close_sim
INFO: [Simtcl 6-16] Simulation closed
close_project
source ./open_waves.tcl
# current_fileset
INFO: [IP_Flow 19-234] Refreshing IP repositories
INFO: [IP_Flow 19-1704] No user IP repositories specified
INFO: [IP_Flow 19-2313] Loaded Vivado IP repository '/mnt/9a3ce8e2-5558-402f-b9b0-4253be72229d/Xilinx/Vivado/Vivado/2019.2/data/ip'.
# open_wave_database ../sim/vivado/tpch_c/tb.wdb
open_wave_config /home/yyunon/thesis_journals/resources/fletcher-aws/examples/tpch1/1DDR/verif/scripts/tb.wcfg
# set_property display_limit 5000000 [current_wave_config]
save_wave_config {/home/yyunon/thesis_journals/resources/fletcher-aws/examples/tpch1/1DDR/verif/scripts/tb.wcfg}
close_sim
INFO: [Simtcl 6-16] Simulation closed
close_project
source ./open_waves.tcl
# current_fileset
INFO: [IP_Flow 19-234] Refreshing IP repositories
INFO: [IP_Flow 19-1704] No user IP repositories specified
INFO: [IP_Flow 19-2313] Loaded Vivado IP repository '/mnt/9a3ce8e2-5558-402f-b9b0-4253be72229d/Xilinx/Vivado/Vivado/2019.2/data/ip'.
# open_wave_database ../sim/vivado/tpch_c/tb.wdb
open_wave_config /home/yyunon/thesis_journals/resources/fletcher-aws/examples/tpch1/1DDR/verif/scripts/tb.wcfg
open_wave_config: Time (s): cpu = 00:00:01 ; elapsed = 00:00:06 . Memory (MB): peak = 9869.270 ; gain = 45.625 ; free physical = 3108 ; free virtual = 12926
open_wave_database: Time (s): cpu = 00:00:02 ; elapsed = 00:00:07 . Memory (MB): peak = 9869.270 ; gain = 45.625 ; free physical = 3108 ; free virtual = 12925
# set_property display_limit 5000000 [current_wave_config]
save_wave_config {/home/yyunon/thesis_journals/resources/fletcher-aws/examples/tpch1/1DDR/verif/scripts/tb.wcfg}
close_sim
INFO: [Simtcl 6-16] Simulation closed
close_project
source ./open_waves.tcl
# current_fileset
INFO: [IP_Flow 19-234] Refreshing IP repositories
INFO: [IP_Flow 19-1704] No user IP repositories specified
INFO: [IP_Flow 19-2313] Loaded Vivado IP repository '/mnt/9a3ce8e2-5558-402f-b9b0-4253be72229d/Xilinx/Vivado/Vivado/2019.2/data/ip'.
# open_wave_database ../sim/vivado/tpch_c/tb.wdb
open_wave_config /home/yyunon/thesis_journals/resources/fletcher-aws/examples/tpch1/1DDR/verif/scripts/tb.wcfg
# set_property display_limit 5000000 [current_wave_config]
close_sim
INFO: [Simtcl 6-16] Simulation closed
close_project
source ./open_waves.tcl
# current_fileset
INFO: [IP_Flow 19-234] Refreshing IP repositories
INFO: [IP_Flow 19-1704] No user IP repositories specified
INFO: [IP_Flow 19-2313] Loaded Vivado IP repository '/mnt/9a3ce8e2-5558-402f-b9b0-4253be72229d/Xilinx/Vivado/Vivado/2019.2/data/ip'.
# open_wave_database ../sim/vivado/tpch_c/tb.wdb
open_wave_config /home/yyunon/thesis_journals/resources/fletcher-aws/examples/tpch1/1DDR/verif/scripts/tb.wcfg
open_wave_config: Time (s): cpu = 00:00:02 ; elapsed = 00:00:13 . Memory (MB): peak = 9964.762 ; gain = 44.141 ; free physical = 3350 ; free virtual = 12742
open_wave_database: Time (s): cpu = 00:00:02 ; elapsed = 00:00:14 . Memory (MB): peak = 9964.762 ; gain = 44.141 ; free physical = 3364 ; free virtual = 12756
# set_property display_limit 5000000 [current_wave_config]
close_sim
INFO: [Simtcl 6-16] Simulation closed
close_project
source ./open_waves.tcl
# current_fileset
INFO: [IP_Flow 19-234] Refreshing IP repositories
INFO: [IP_Flow 19-1704] No user IP repositories specified
INFO: [IP_Flow 19-2313] Loaded Vivado IP repository '/mnt/9a3ce8e2-5558-402f-b9b0-4253be72229d/Xilinx/Vivado/Vivado/2019.2/data/ip'.
# open_wave_database ../sim/vivado/tpch_c/tb.wdb
open_wave_config /home/yyunon/thesis_journals/resources/fletcher-aws/examples/tpch1/1DDR/verif/scripts/tb.wcfg
# set_property display_limit 5000000 [current_wave_config]
close_sim
INFO: [Simtcl 6-16] Simulation closed
close_project
source ./open_waves.tcl
# current_fileset
INFO: [IP_Flow 19-234] Refreshing IP repositories
INFO: [IP_Flow 19-1704] No user IP repositories specified
INFO: [IP_Flow 19-2313] Loaded Vivado IP repository '/mnt/9a3ce8e2-5558-402f-b9b0-4253be72229d/Xilinx/Vivado/Vivado/2019.2/data/ip'.
# open_wave_database ../sim/vivado/tpch_c/tb.wdb
open_wave_config /home/yyunon/thesis_journals/resources/fletcher-aws/examples/tpch1/1DDR/verif/scripts/tb.wcfg
# set_property display_limit 5000000 [current_wave_config]
close_sim
INFO: [Simtcl 6-16] Simulation closed
close_project
source ./open_waves.tcl
# current_fileset
INFO: [IP_Flow 19-234] Refreshing IP repositories
INFO: [IP_Flow 19-1704] No user IP repositories specified
INFO: [IP_Flow 19-2313] Loaded Vivado IP repository '/mnt/9a3ce8e2-5558-402f-b9b0-4253be72229d/Xilinx/Vivado/Vivado/2019.2/data/ip'.
# open_wave_database ../sim/vivado/tpch_c/tb.wdb
open_wave_config /home/yyunon/thesis_journals/resources/fletcher-aws/examples/tpch1/1DDR/verif/scripts/tb.wcfg
# set_property display_limit 5000000 [current_wave_config]
close_sim
INFO: [Simtcl 6-16] Simulation closed
close_project
source ./open_waves.tcl
# current_fileset
INFO: [IP_Flow 19-234] Refreshing IP repositories
INFO: [IP_Flow 19-1704] No user IP repositories specified
INFO: [IP_Flow 19-2313] Loaded Vivado IP repository '/mnt/9a3ce8e2-5558-402f-b9b0-4253be72229d/Xilinx/Vivado/Vivado/2019.2/data/ip'.
# open_wave_database ../sim/vivado/tpch_c/tb.wdb
open_wave_config /home/yyunon/thesis_journals/resources/fletcher-aws/examples/tpch1/1DDR/verif/scripts/tb.wcfg
open_wave_config: Time (s): cpu = 00:00:02 ; elapsed = 00:00:34 . Memory (MB): peak = 10111.027 ; gain = 3.000 ; free physical = 4501 ; free virtual = 13396
open_wave_database: Time (s): cpu = 00:00:02 ; elapsed = 00:00:35 . Memory (MB): peak = 10111.027 ; gain = 3.000 ; free physical = 4501 ; free virtual = 13396
# set_property display_limit 5000000 [current_wave_config]
